ARM GAS  C:\Users\QUALIT~1\AppData\Local\Temp\ccKwEzHg.s 			page 1


   1              		.cpu cortex-m3
   2              		.eabi_attribute 20, 1
   3              		.eabi_attribute 21, 1
   4              		.eabi_attribute 23, 3
   5              		.eabi_attribute 24, 1
   6              		.eabi_attribute 25, 1
   7              		.eabi_attribute 26, 1
   8              		.eabi_attribute 30, 1
   9              		.eabi_attribute 34, 1
  10              		.eabi_attribute 18, 4
  11              		.file	"gpio.c"
  12              		.text
  13              	.Ltext0:
  14              		.cfi_sections	.debug_frame
  15              		.section	.text.MX_GPIO_Init,"ax",%progbits
  16              		.align	1
  17              		.global	MX_GPIO_Init
  18              		.arch armv7-m
  19              		.syntax unified
  20              		.thumb
  21              		.thumb_func
  22              		.fpu softvfp
  24              	MX_GPIO_Init:
  25              	.LFB65:
  26              		.file 1 "Src/gpio.c"
   1:Src/gpio.c    **** /**
   2:Src/gpio.c    ****   ******************************************************************************
   3:Src/gpio.c    ****   * @file    gpio.c
   4:Src/gpio.c    ****   * @brief   This file provides code for the configuration
   5:Src/gpio.c    ****   *          of all used GPIO pins.
   6:Src/gpio.c    ****   ******************************************************************************
   7:Src/gpio.c    ****   * @attention
   8:Src/gpio.c    ****   *
   9:Src/gpio.c    ****   * <h2><center>&copy; Copyright (c) 2021 STMicroelectronics.
  10:Src/gpio.c    ****   * All rights reserved.</center></h2>
  11:Src/gpio.c    ****   *
  12:Src/gpio.c    ****   * This software component is licensed by ST under BSD 3-Clause license,
  13:Src/gpio.c    ****   * the "License"; You may not use this file except in compliance with the
  14:Src/gpio.c    ****   * License. You may obtain a copy of the License at:
  15:Src/gpio.c    ****   *                        opensource.org/licenses/BSD-3-Clause
  16:Src/gpio.c    ****   *
  17:Src/gpio.c    ****   ******************************************************************************
  18:Src/gpio.c    ****   */
  19:Src/gpio.c    **** 
  20:Src/gpio.c    **** /* Includes ------------------------------------------------------------------*/
  21:Src/gpio.c    **** #include "gpio.h"
  22:Src/gpio.c    **** 
  23:Src/gpio.c    **** /* USER CODE BEGIN 0 */
  24:Src/gpio.c    **** 
  25:Src/gpio.c    **** /* USER CODE END 0 */
  26:Src/gpio.c    **** 
  27:Src/gpio.c    **** /*----------------------------------------------------------------------------*/
  28:Src/gpio.c    **** /* Configure GPIO                                                             */
  29:Src/gpio.c    **** /*----------------------------------------------------------------------------*/
  30:Src/gpio.c    **** /* USER CODE BEGIN 1 */
  31:Src/gpio.c    **** 
  32:Src/gpio.c    **** /* USER CODE END 1 */
ARM GAS  C:\Users\QUALIT~1\AppData\Local\Temp\ccKwEzHg.s 			page 2


  33:Src/gpio.c    **** 
  34:Src/gpio.c    **** /** Configure pins as
  35:Src/gpio.c    ****         * Analog
  36:Src/gpio.c    ****         * Input
  37:Src/gpio.c    ****         * Output
  38:Src/gpio.c    ****         * EVENT_OUT
  39:Src/gpio.c    ****         * EXTI
  40:Src/gpio.c    **** */
  41:Src/gpio.c    **** void MX_GPIO_Init(void)
  42:Src/gpio.c    **** {
  27              		.loc 1 42 1 view -0
  28              		.cfi_startproc
  29              		@ args = 0, pretend = 0, frame = 32
  30              		@ frame_needed = 0, uses_anonymous_args = 0
  31 0000 2DE9F041 		push	{r4, r5, r6, r7, r8, lr}
  32              	.LCFI0:
  33              		.cfi_def_cfa_offset 24
  34              		.cfi_offset 4, -24
  35              		.cfi_offset 5, -20
  36              		.cfi_offset 6, -16
  37              		.cfi_offset 7, -12
  38              		.cfi_offset 8, -8
  39              		.cfi_offset 14, -4
  40 0004 88B0     		sub	sp, sp, #32
  41              	.LCFI1:
  42              		.cfi_def_cfa_offset 56
  43:Src/gpio.c    **** 
  44:Src/gpio.c    ****   GPIO_InitTypeDef GPIO_InitStruct = {0};
  43              		.loc 1 44 3 view .LVU1
  44              		.loc 1 44 20 is_stmt 0 view .LVU2
  45 0006 0024     		movs	r4, #0
  46 0008 0494     		str	r4, [sp, #16]
  47 000a 0594     		str	r4, [sp, #20]
  48 000c 0694     		str	r4, [sp, #24]
  49 000e 0794     		str	r4, [sp, #28]
  45:Src/gpio.c    **** 
  46:Src/gpio.c    ****   /* GPIO Ports Clock Enable */
  47:Src/gpio.c    ****   __HAL_RCC_GPIOD_CLK_ENABLE();
  50              		.loc 1 47 3 is_stmt 1 view .LVU3
  51              	.LBB2:
  52              		.loc 1 47 3 view .LVU4
  53              		.loc 1 47 3 view .LVU5
  54 0010 3A4B     		ldr	r3, .L3
  55 0012 9A69     		ldr	r2, [r3, #24]
  56 0014 42F02002 		orr	r2, r2, #32
  57 0018 9A61     		str	r2, [r3, #24]
  58              		.loc 1 47 3 view .LVU6
  59 001a 9A69     		ldr	r2, [r3, #24]
  60 001c 02F02002 		and	r2, r2, #32
  61 0020 0192     		str	r2, [sp, #4]
  62              		.loc 1 47 3 view .LVU7
  63 0022 019A     		ldr	r2, [sp, #4]
  64              	.LBE2:
  65              		.loc 1 47 3 view .LVU8
  48:Src/gpio.c    ****   __HAL_RCC_GPIOA_CLK_ENABLE();
  66              		.loc 1 48 3 view .LVU9
  67              	.LBB3:
ARM GAS  C:\Users\QUALIT~1\AppData\Local\Temp\ccKwEzHg.s 			page 3


  68              		.loc 1 48 3 view .LVU10
  69              		.loc 1 48 3 view .LVU11
  70 0024 9A69     		ldr	r2, [r3, #24]
  71 0026 42F00402 		orr	r2, r2, #4
  72 002a 9A61     		str	r2, [r3, #24]
  73              		.loc 1 48 3 view .LVU12
  74 002c 9A69     		ldr	r2, [r3, #24]
  75 002e 02F00402 		and	r2, r2, #4
  76 0032 0292     		str	r2, [sp, #8]
  77              		.loc 1 48 3 view .LVU13
  78 0034 029A     		ldr	r2, [sp, #8]
  79              	.LBE3:
  80              		.loc 1 48 3 view .LVU14
  49:Src/gpio.c    ****   __HAL_RCC_GPIOB_CLK_ENABLE();
  81              		.loc 1 49 3 view .LVU15
  82              	.LBB4:
  83              		.loc 1 49 3 view .LVU16
  84              		.loc 1 49 3 view .LVU17
  85 0036 9A69     		ldr	r2, [r3, #24]
  86 0038 42F00802 		orr	r2, r2, #8
  87 003c 9A61     		str	r2, [r3, #24]
  88              		.loc 1 49 3 view .LVU18
  89 003e 9B69     		ldr	r3, [r3, #24]
  90 0040 03F00803 		and	r3, r3, #8
  91 0044 0393     		str	r3, [sp, #12]
  92              		.loc 1 49 3 view .LVU19
  93 0046 039B     		ldr	r3, [sp, #12]
  94              	.LBE4:
  95              		.loc 1 49 3 view .LVU20
  50:Src/gpio.c    **** 
  51:Src/gpio.c    ****   /*Configure GPIO pin Output Level */
  52:Src/gpio.c    ****   HAL_GPIO_WritePin(GPIOB, GPIO_PIN_12|GPIO_PIN_4|GPIO_PIN_5|GPIO_PIN_6
  96              		.loc 1 52 3 view .LVU21
  97 0048 DFF8BC80 		ldr	r8, .L3+12
  98 004c 2246     		mov	r2, r4
  99 004e 41F27031 		movw	r1, #4976
 100 0052 4046     		mov	r0, r8
 101 0054 FFF7FEFF 		bl	HAL_GPIO_WritePin
 102              	.LVL0:
  53:Src/gpio.c    ****                           |GPIO_PIN_8|GPIO_PIN_9, GPIO_PIN_RESET);
  54:Src/gpio.c    **** 
  55:Src/gpio.c    ****   /*Configure GPIO pin Output Level */
  56:Src/gpio.c    ****   HAL_GPIO_WritePin(GPIOA, GPIO_PIN_8|GPIO_PIN_9|GPIO_PIN_15, GPIO_PIN_RESET);
 103              		.loc 1 56 3 view .LVU22
 104 0058 294E     		ldr	r6, .L3+4
 105 005a 2246     		mov	r2, r4
 106 005c 4FF40341 		mov	r1, #33536
 107 0060 3046     		mov	r0, r6
 108 0062 FFF7FEFF 		bl	HAL_GPIO_WritePin
 109              	.LVL1:
  57:Src/gpio.c    **** 
  58:Src/gpio.c    ****   /*Configure GPIO pins : PA0 PA1 */
  59:Src/gpio.c    ****   GPIO_InitStruct.Pin = GPIO_PIN_0|GPIO_PIN_1;
 110              		.loc 1 59 3 view .LVU23
 111              		.loc 1 59 23 is_stmt 0 view .LVU24
 112 0066 0323     		movs	r3, #3
 113 0068 0493     		str	r3, [sp, #16]
ARM GAS  C:\Users\QUALIT~1\AppData\Local\Temp\ccKwEzHg.s 			page 4


  60:Src/gpio.c    ****   GPIO_InitStruct.Mode = GPIO_MODE_INPUT;
 114              		.loc 1 60 3 is_stmt 1 view .LVU25
 115              		.loc 1 60 24 is_stmt 0 view .LVU26
 116 006a 0594     		str	r4, [sp, #20]
  61:Src/gpio.c    ****   GPIO_InitStruct.Pull = GPIO_PULLDOWN;
 117              		.loc 1 61 3 is_stmt 1 view .LVU27
 118              		.loc 1 61 24 is_stmt 0 view .LVU28
 119 006c 0225     		movs	r5, #2
 120 006e 0695     		str	r5, [sp, #24]
  62:Src/gpio.c    ****   HAL_GPIO_Init(GPIOA, &GPIO_InitStruct);
 121              		.loc 1 62 3 is_stmt 1 view .LVU29
 122 0070 04A9     		add	r1, sp, #16
 123 0072 3046     		mov	r0, r6
 124 0074 FFF7FEFF 		bl	HAL_GPIO_Init
 125              	.LVL2:
  63:Src/gpio.c    **** 
  64:Src/gpio.c    ****   /*Configure GPIO pins : PA2 PA3 */
  65:Src/gpio.c    ****   GPIO_InitStruct.Pin = GPIO_PIN_2|GPIO_PIN_3;
 126              		.loc 1 65 3 view .LVU30
 127              		.loc 1 65 23 is_stmt 0 view .LVU31
 128 0078 0C23     		movs	r3, #12
 129 007a 0493     		str	r3, [sp, #16]
  66:Src/gpio.c    ****   GPIO_InitStruct.Mode = GPIO_MODE_INPUT;
 130              		.loc 1 66 3 is_stmt 1 view .LVU32
 131              		.loc 1 66 24 is_stmt 0 view .LVU33
 132 007c 0594     		str	r4, [sp, #20]
  67:Src/gpio.c    ****   GPIO_InitStruct.Pull = GPIO_PULLUP;
 133              		.loc 1 67 3 is_stmt 1 view .LVU34
 134              		.loc 1 67 24 is_stmt 0 view .LVU35
 135 007e 0127     		movs	r7, #1
 136 0080 0697     		str	r7, [sp, #24]
  68:Src/gpio.c    ****   HAL_GPIO_Init(GPIOA, &GPIO_InitStruct);
 137              		.loc 1 68 3 is_stmt 1 view .LVU36
 138 0082 04A9     		add	r1, sp, #16
 139 0084 3046     		mov	r0, r6
 140 0086 FFF7FEFF 		bl	HAL_GPIO_Init
 141              	.LVL3:
  69:Src/gpio.c    **** 
  70:Src/gpio.c    ****   /*Configure GPIO pins : PB12 PB4 PB5 PB6
  71:Src/gpio.c    ****                            PB8 PB9 */
  72:Src/gpio.c    ****   GPIO_InitStruct.Pin = GPIO_PIN_12|GPIO_PIN_4|GPIO_PIN_5|GPIO_PIN_6
 142              		.loc 1 72 3 view .LVU37
 143              		.loc 1 72 23 is_stmt 0 view .LVU38
 144 008a 41F27033 		movw	r3, #4976
 145 008e 0493     		str	r3, [sp, #16]
  73:Src/gpio.c    ****                           |GPIO_PIN_8|GPIO_PIN_9;
  74:Src/gpio.c    ****   GPIO_InitStruct.Mode = GPIO_MODE_OUTPUT_PP;
 146              		.loc 1 74 3 is_stmt 1 view .LVU39
 147              		.loc 1 74 24 is_stmt 0 view .LVU40
 148 0090 0597     		str	r7, [sp, #20]
  75:Src/gpio.c    ****   GPIO_InitStruct.Pull = GPIO_PULLDOWN;
 149              		.loc 1 75 3 is_stmt 1 view .LVU41
 150              		.loc 1 75 24 is_stmt 0 view .LVU42
 151 0092 0695     		str	r5, [sp, #24]
  76:Src/gpio.c    ****   GPIO_InitStruct.Speed = GPIO_SPEED_FREQ_MEDIUM;
 152              		.loc 1 76 3 is_stmt 1 view .LVU43
 153              		.loc 1 76 25 is_stmt 0 view .LVU44
ARM GAS  C:\Users\QUALIT~1\AppData\Local\Temp\ccKwEzHg.s 			page 5


 154 0094 0797     		str	r7, [sp, #28]
  77:Src/gpio.c    ****   HAL_GPIO_Init(GPIOB, &GPIO_InitStruct);
 155              		.loc 1 77 3 is_stmt 1 view .LVU45
 156 0096 04A9     		add	r1, sp, #16
 157 0098 4046     		mov	r0, r8
 158 009a FFF7FEFF 		bl	HAL_GPIO_Init
 159              	.LVL4:
  78:Src/gpio.c    **** 
  79:Src/gpio.c    ****   /*Configure GPIO pins : PA8 PA9 PA15 */
  80:Src/gpio.c    ****   GPIO_InitStruct.Pin = GPIO_PIN_8|GPIO_PIN_9|GPIO_PIN_15;
 160              		.loc 1 80 3 view .LVU46
 161              		.loc 1 80 23 is_stmt 0 view .LVU47
 162 009e 4FF40343 		mov	r3, #33536
 163 00a2 0493     		str	r3, [sp, #16]
  81:Src/gpio.c    ****   GPIO_InitStruct.Mode = GPIO_MODE_OUTPUT_PP;
 164              		.loc 1 81 3 is_stmt 1 view .LVU48
 165              		.loc 1 81 24 is_stmt 0 view .LVU49
 166 00a4 0597     		str	r7, [sp, #20]
  82:Src/gpio.c    ****   GPIO_InitStruct.Pull = GPIO_PULLDOWN;
 167              		.loc 1 82 3 is_stmt 1 view .LVU50
 168              		.loc 1 82 24 is_stmt 0 view .LVU51
 169 00a6 0695     		str	r5, [sp, #24]
  83:Src/gpio.c    ****   GPIO_InitStruct.Speed = GPIO_SPEED_FREQ_MEDIUM;
 170              		.loc 1 83 3 is_stmt 1 view .LVU52
 171              		.loc 1 83 25 is_stmt 0 view .LVU53
 172 00a8 0797     		str	r7, [sp, #28]
  84:Src/gpio.c    ****   HAL_GPIO_Init(GPIOA, &GPIO_InitStruct);
 173              		.loc 1 84 3 is_stmt 1 view .LVU54
 174 00aa 04A9     		add	r1, sp, #16
 175 00ac 3046     		mov	r0, r6
 176 00ae FFF7FEFF 		bl	HAL_GPIO_Init
 177              	.LVL5:
  85:Src/gpio.c    **** 
  86:Src/gpio.c    ****   /*Configure GPIO pins : PA10 PA11 PA12 */
  87:Src/gpio.c    ****   GPIO_InitStruct.Pin = GPIO_PIN_10|GPIO_PIN_11|GPIO_PIN_12;
 178              		.loc 1 87 3 view .LVU55
 179              		.loc 1 87 23 is_stmt 0 view .LVU56
 180 00b2 4FF4E053 		mov	r3, #7168
 181 00b6 0493     		str	r3, [sp, #16]
  88:Src/gpio.c    ****   GPIO_InitStruct.Mode = GPIO_MODE_IT_RISING;
 182              		.loc 1 88 3 is_stmt 1 view .LVU57
 183              		.loc 1 88 24 is_stmt 0 view .LVU58
 184 00b8 124F     		ldr	r7, .L3+8
 185 00ba 0597     		str	r7, [sp, #20]
  89:Src/gpio.c    ****   GPIO_InitStruct.Pull = GPIO_PULLDOWN;
 186              		.loc 1 89 3 is_stmt 1 view .LVU59
 187              		.loc 1 89 24 is_stmt 0 view .LVU60
 188 00bc 0695     		str	r5, [sp, #24]
  90:Src/gpio.c    ****   HAL_GPIO_Init(GPIOA, &GPIO_InitStruct);
 189              		.loc 1 90 3 is_stmt 1 view .LVU61
 190 00be 04A9     		add	r1, sp, #16
 191 00c0 3046     		mov	r0, r6
 192 00c2 FFF7FEFF 		bl	HAL_GPIO_Init
 193              	.LVL6:
  91:Src/gpio.c    **** 
  92:Src/gpio.c    ****   /*Configure GPIO pin : PB7 */
  93:Src/gpio.c    ****   GPIO_InitStruct.Pin = GPIO_PIN_7;
ARM GAS  C:\Users\QUALIT~1\AppData\Local\Temp\ccKwEzHg.s 			page 6


 194              		.loc 1 93 3 view .LVU62
 195              		.loc 1 93 23 is_stmt 0 view .LVU63
 196 00c6 8023     		movs	r3, #128
 197 00c8 0493     		str	r3, [sp, #16]
  94:Src/gpio.c    ****   GPIO_InitStruct.Mode = GPIO_MODE_IT_RISING;
 198              		.loc 1 94 3 is_stmt 1 view .LVU64
 199              		.loc 1 94 24 is_stmt 0 view .LVU65
 200 00ca 0597     		str	r7, [sp, #20]
  95:Src/gpio.c    ****   GPIO_InitStruct.Pull = GPIO_PULLDOWN;
 201              		.loc 1 95 3 is_stmt 1 view .LVU66
 202              		.loc 1 95 24 is_stmt 0 view .LVU67
 203 00cc 0695     		str	r5, [sp, #24]
  96:Src/gpio.c    ****   HAL_GPIO_Init(GPIOB, &GPIO_InitStruct);
 204              		.loc 1 96 3 is_stmt 1 view .LVU68
 205 00ce 04A9     		add	r1, sp, #16
 206 00d0 4046     		mov	r0, r8
 207 00d2 FFF7FEFF 		bl	HAL_GPIO_Init
 208              	.LVL7:
  97:Src/gpio.c    **** 
  98:Src/gpio.c    ****   /* EXTI interrupt init*/
  99:Src/gpio.c    ****   HAL_NVIC_SetPriority(EXTI9_5_IRQn, 0, 0);
 209              		.loc 1 99 3 view .LVU69
 210 00d6 2246     		mov	r2, r4
 211 00d8 2146     		mov	r1, r4
 212 00da 1720     		movs	r0, #23
 213 00dc FFF7FEFF 		bl	HAL_NVIC_SetPriority
 214              	.LVL8:
 100:Src/gpio.c    ****   HAL_NVIC_EnableIRQ(EXTI9_5_IRQn);
 215              		.loc 1 100 3 view .LVU70
 216 00e0 1720     		movs	r0, #23
 217 00e2 FFF7FEFF 		bl	HAL_NVIC_EnableIRQ
 218              	.LVL9:
 101:Src/gpio.c    **** 
 102:Src/gpio.c    ****   HAL_NVIC_SetPriority(EXTI15_10_IRQn, 0, 0);
 219              		.loc 1 102 3 view .LVU71
 220 00e6 2246     		mov	r2, r4
 221 00e8 2146     		mov	r1, r4
 222 00ea 2820     		movs	r0, #40
 223 00ec FFF7FEFF 		bl	HAL_NVIC_SetPriority
 224              	.LVL10:
 103:Src/gpio.c    ****   HAL_NVIC_EnableIRQ(EXTI15_10_IRQn);
 225              		.loc 1 103 3 view .LVU72
 226 00f0 2820     		movs	r0, #40
 227 00f2 FFF7FEFF 		bl	HAL_NVIC_EnableIRQ
 228              	.LVL11:
 104:Src/gpio.c    **** 
 105:Src/gpio.c    **** }
 229              		.loc 1 105 1 is_stmt 0 view .LVU73
 230 00f6 08B0     		add	sp, sp, #32
 231              	.LCFI2:
 232              		.cfi_def_cfa_offset 24
 233              		@ sp needed
 234 00f8 BDE8F081 		pop	{r4, r5, r6, r7, r8, pc}
 235              	.L4:
 236              		.align	2
 237              	.L3:
 238 00fc 00100240 		.word	1073876992
ARM GAS  C:\Users\QUALIT~1\AppData\Local\Temp\ccKwEzHg.s 			page 7


 239 0100 00080140 		.word	1073809408
 240 0104 00001110 		.word	269549568
 241 0108 000C0140 		.word	1073810432
 242              		.cfi_endproc
 243              	.LFE65:
 245              		.text
 246              	.Letext0:
 247              		.file 2 "c:\\program files\\microsoft vs code\\gcc_arm\\arm-none-eabi\\include\\machine\\_default_
 248              		.file 3 "c:\\program files\\microsoft vs code\\gcc_arm\\arm-none-eabi\\include\\sys\\_stdint.h"
 249              		.file 4 "Drivers/CMSIS/Include/core_cm3.h"
 250              		.file 5 "Drivers/CMSIS/Device/ST/STM32F1xx/Include/system_stm32f1xx.h"
 251              		.file 6 "Drivers/CMSIS/Device/ST/STM32F1xx/Include/stm32f103xb.h"
 252              		.file 7 "Drivers/STM32F1xx_HAL_Driver/Inc/stm32f1xx_hal_gpio.h"
 253              		.file 8 "Drivers/STM32F1xx_HAL_Driver/Inc/stm32f1xx_hal.h"
 254              		.file 9 "Drivers/STM32F1xx_HAL_Driver/Inc/stm32f1xx_hal_cortex.h"
ARM GAS  C:\Users\QUALIT~1\AppData\Local\Temp\ccKwEzHg.s 			page 8


DEFINED SYMBOLS
                            *ABS*:0000000000000000 gpio.c
C:\Users\QUALIT~1\AppData\Local\Temp\ccKwEzHg.s:16     .text.MX_GPIO_Init:0000000000000000 $t
C:\Users\QUALIT~1\AppData\Local\Temp\ccKwEzHg.s:24     .text.MX_GPIO_Init:0000000000000000 MX_GPIO_Init
C:\Users\QUALIT~1\AppData\Local\Temp\ccKwEzHg.s:238    .text.MX_GPIO_Init:00000000000000fc $d

UNDEFINED SYMBOLS
HAL_GPIO_WritePin
HAL_GPIO_Init
HAL_NVIC_SetPriority
HAL_NVIC_EnableIRQ
