ARM GAS  C:\Users\du4\AppData\Local\Temp\cc4wEEbL.s 			page 1


   1              		.cpu cortex-m3
   2              		.eabi_attribute 20, 1
   3              		.eabi_attribute 21, 1
   4              		.eabi_attribute 23, 3
   5              		.eabi_attribute 24, 1
   6              		.eabi_attribute 25, 1
   7              		.eabi_attribute 26, 1
   8              		.eabi_attribute 30, 1
   9              		.eabi_attribute 34, 1
  10              		.eabi_attribute 18, 4
  11              		.file	"mbfuncinput_m.c"
  12              		.text
  13              	.Ltext0:
  14              		.cfi_sections	.debug_frame
  15              	.Letext0:
  16              		.file 1 "c:\\vscodeproject\\software\\arm_gcc\\arm-none-eabi\\include\\machine\\_default_types.h"
  17              		.file 2 "c:\\vscodeproject\\software\\arm_gcc\\arm-none-eabi\\include\\sys\\lock.h"
  18              		.file 3 "c:\\vscodeproject\\software\\arm_gcc\\arm-none-eabi\\include\\sys\\_types.h"
  19              		.file 4 "c:\\vscodeproject\\software\\arm_gcc\\lib\\gcc\\arm-none-eabi\\9.2.1\\include\\stddef.h"
  20              		.file 5 "c:\\vscodeproject\\software\\arm_gcc\\arm-none-eabi\\include\\sys\\reent.h"
  21              		.file 6 "c:\\vscodeproject\\software\\arm_gcc\\arm-none-eabi\\include\\stdlib.h"
  22              		.file 7 "c:\\vscodeproject\\software\\arm_gcc\\arm-none-eabi\\include\\sys\\_stdint.h"
  23              		.file 8 "Drivers/CMSIS/Include/core_cm3.h"
  24              		.file 9 "Drivers/CMSIS/Device/ST/STM32F1xx/Include/system_stm32f1xx.h"
  25              		.file 10 "Drivers/CMSIS/Device/ST/STM32F1xx/Include/stm32f103xb.h"
  26              		.file 11 "Drivers/STM32F1xx_HAL_Driver/Inc/stm32f1xx_hal_def.h"
  27              		.file 12 "Drivers/STM32F1xx_HAL_Driver/Inc/stm32f1xx_hal_dma.h"
  28              		.file 13 "Drivers/STM32F1xx_HAL_Driver/Inc/stm32f1xx_hal_spi.h"
  29              		.file 14 "Drivers/STM32F1xx_HAL_Driver/Inc/stm32f1xx_hal_tim.h"
  30              		.file 15 "Drivers/STM32F1xx_HAL_Driver/Inc/stm32f1xx_hal_uart.h"
  31              		.file 16 "Drivers/STM32F1xx_HAL_Driver/Inc/stm32f1xx_hal.h"
  32              		.file 17 "Inc/spi.h"
  33              		.file 18 "Inc/tim.h"
  34              		.file 19 "Inc/usart.h"
  35              		.file 20 "Drivers/FreeModbus/port/port.h"
  36              		.file 21 "Drivers/FreeModbus/include/mbport.h"
ARM GAS  C:\Users\du4\AppData\Local\Temp\cc4wEEbL.s 			page 2


DEFINED SYMBOLS
                            *ABS*:0000000000000000 mbfuncinput_m.c

NO UNDEFINED SYMBOLS
