ARM GAS  C:\Users\QUALIT~1\AppData\Local\Temp\ccRgsQ7g.s 			page 1


   1              		.cpu cortex-m3
   2              		.eabi_attribute 20, 1
   3              		.eabi_attribute 21, 1
   4              		.eabi_attribute 23, 3
   5              		.eabi_attribute 24, 1
   6              		.eabi_attribute 25, 1
   7              		.eabi_attribute 26, 1
   8              		.eabi_attribute 30, 1
   9              		.eabi_attribute 34, 1
  10              		.eabi_attribute 18, 4
  11              		.file	"mbfunccoils_m.c"
  12              		.text
  13              	.Ltext0:
  14              		.cfi_sections	.debug_frame
  15              	.Letext0:
  16              		.file 1 "c:\\program files\\microsoft vs code\\gcc_arm\\arm-none-eabi\\include\\machine\\_default_
  17              		.file 2 "c:\\program files\\microsoft vs code\\gcc_arm\\arm-none-eabi\\include\\sys\\lock.h"
  18              		.file 3 "c:\\program files\\microsoft vs code\\gcc_arm\\arm-none-eabi\\include\\sys\\_types.h"
  19              		.file 4 "c:\\program files\\microsoft vs code\\gcc_arm\\lib\\gcc\\arm-none-eabi\\9.2.1\\include\\s
  20              		.file 5 "c:\\program files\\microsoft vs code\\gcc_arm\\arm-none-eabi\\include\\sys\\reent.h"
  21              		.file 6 "c:\\program files\\microsoft vs code\\gcc_arm\\arm-none-eabi\\include\\stdlib.h"
  22              		.file 7 "c:\\program files\\microsoft vs code\\gcc_arm\\arm-none-eabi\\include\\sys\\_stdint.h"
  23              		.file 8 "Drivers/CMSIS/Include/core_cm3.h"
  24              		.file 9 "Drivers/CMSIS/Device/ST/STM32F1xx/Include/system_stm32f1xx.h"
  25              		.file 10 "Drivers/STM32F1xx_HAL_Driver/Inc/stm32f1xx_hal.h"
  26              		.file 11 "Drivers/FreeModbus/port/port.h"
  27              		.file 12 "Drivers/FreeModbus/include/mbport.h"
ARM GAS  C:\Users\QUALIT~1\AppData\Local\Temp\ccRgsQ7g.s 			page 2


DEFINED SYMBOLS
                            *ABS*:0000000000000000 mbfunccoils_m.c

NO UNDEFINED SYMBOLS
