ARM GAS  C:\Users\du4\AppData\Local\Temp\ccoZYDdR.s 			page 1


   1              		.cpu cortex-m3
   2              		.eabi_attribute 20, 1
   3              		.eabi_attribute 21, 1
   4              		.eabi_attribute 23, 3
   5              		.eabi_attribute 24, 1
   6              		.eabi_attribute 25, 1
   7              		.eabi_attribute 26, 1
   8              		.eabi_attribute 30, 1
   9              		.eabi_attribute 34, 1
  10              		.eabi_attribute 18, 4
  11              		.file	"portevent.c"
  12              		.text
  13              	.Ltext0:
  14              		.cfi_sections	.debug_frame
  15              		.section	.text.xMBPortEventInit,"ax",%progbits
  16              		.align	1
  17              		.global	xMBPortEventInit
  18              		.arch armv7-m
  19              		.syntax unified
  20              		.thumb
  21              		.thumb_func
  22              		.fpu softvfp
  24              	xMBPortEventInit:
  25              	.LFB65:
  26              		.file 1 "Drivers/FreeModbus/port/portevent.c"
   1:Drivers/FreeModbus/port/portevent.c **** #include "mb.h"
   2:Drivers/FreeModbus/port/portevent.c **** #include "mbport.h"
   3:Drivers/FreeModbus/port/portevent.c **** 
   4:Drivers/FreeModbus/port/portevent.c **** #if MB_SLAVE_RTU_ENABLED > 0 || MB_SLAVE_ASCII_ENABLED > 0
   5:Drivers/FreeModbus/port/portevent.c **** 
   6:Drivers/FreeModbus/port/portevent.c **** /* ----------------------- Variables ----------------------------------------*/
   7:Drivers/FreeModbus/port/portevent.c **** static eMBEventType eQueuedEvent;
   8:Drivers/FreeModbus/port/portevent.c **** static BOOL     xEventInQueue;
   9:Drivers/FreeModbus/port/portevent.c **** 
  10:Drivers/FreeModbus/port/portevent.c **** /* ----------------------- Start implementation -----------------------------*/
  11:Drivers/FreeModbus/port/portevent.c **** BOOL xMBPortEventInit( void )
  12:Drivers/FreeModbus/port/portevent.c **** {
  27              		.loc 1 12 1 view -0
  28              		.cfi_startproc
  29              		@ args = 0, pretend = 0, frame = 0
  30              		@ frame_needed = 0, uses_anonymous_args = 0
  31              		@ link register save eliminated.
  13:Drivers/FreeModbus/port/portevent.c ****     xEventInQueue = FALSE;
  32              		.loc 1 13 5 view .LVU1
  33              		.loc 1 13 19 is_stmt 0 view .LVU2
  34 0000 024B     		ldr	r3, .L2
  35 0002 0022     		movs	r2, #0
  36 0004 1A70     		strb	r2, [r3]
  14:Drivers/FreeModbus/port/portevent.c ****     return TRUE;
  37              		.loc 1 14 5 is_stmt 1 view .LVU3
  15:Drivers/FreeModbus/port/portevent.c **** }
  38              		.loc 1 15 1 is_stmt 0 view .LVU4
  39 0006 0120     		movs	r0, #1
  40 0008 7047     		bx	lr
  41              	.L3:
  42 000a 00BF     		.align	2
  43              	.L2:
ARM GAS  C:\Users\du4\AppData\Local\Temp\ccoZYDdR.s 			page 2


  44 000c 00000000 		.word	.LANCHOR0
  45              		.cfi_endproc
  46              	.LFE65:
  48              		.section	.text.xMBPortEventPost,"ax",%progbits
  49              		.align	1
  50              		.global	xMBPortEventPost
  51              		.syntax unified
  52              		.thumb
  53              		.thumb_func
  54              		.fpu softvfp
  56              	xMBPortEventPost:
  57              	.LVL0:
  58              	.LFB66:
  16:Drivers/FreeModbus/port/portevent.c **** 
  17:Drivers/FreeModbus/port/portevent.c **** BOOL xMBPortEventPost( eMBEventType eEvent )
  18:Drivers/FreeModbus/port/portevent.c **** {
  59              		.loc 1 18 1 is_stmt 1 view -0
  60              		.cfi_startproc
  61              		@ args = 0, pretend = 0, frame = 0
  62              		@ frame_needed = 0, uses_anonymous_args = 0
  63              		@ link register save eliminated.
  19:Drivers/FreeModbus/port/portevent.c ****     xEventInQueue = TRUE;
  64              		.loc 1 19 5 view .LVU6
  65              		.loc 1 19 19 is_stmt 0 view .LVU7
  66 0000 0123     		movs	r3, #1
  67 0002 034A     		ldr	r2, .L5
  68 0004 1370     		strb	r3, [r2]
  20:Drivers/FreeModbus/port/portevent.c ****     eQueuedEvent = eEvent;
  69              		.loc 1 20 5 is_stmt 1 view .LVU8
  70              		.loc 1 20 18 is_stmt 0 view .LVU9
  71 0006 034A     		ldr	r2, .L5+4
  72 0008 1070     		strb	r0, [r2]
  21:Drivers/FreeModbus/port/portevent.c ****     return TRUE;
  73              		.loc 1 21 5 is_stmt 1 view .LVU10
  22:Drivers/FreeModbus/port/portevent.c **** }
  74              		.loc 1 22 1 is_stmt 0 view .LVU11
  75 000a 1846     		mov	r0, r3
  76              	.LVL1:
  77              		.loc 1 22 1 view .LVU12
  78 000c 7047     		bx	lr
  79              	.L6:
  80 000e 00BF     		.align	2
  81              	.L5:
  82 0010 00000000 		.word	.LANCHOR0
  83 0014 00000000 		.word	.LANCHOR1
  84              		.cfi_endproc
  85              	.LFE66:
  87              		.section	.text.xMBPortEventGet,"ax",%progbits
  88              		.align	1
  89              		.global	xMBPortEventGet
  90              		.syntax unified
  91              		.thumb
  92              		.thumb_func
  93              		.fpu softvfp
  95              	xMBPortEventGet:
  96              	.LVL2:
  97              	.LFB67:
ARM GAS  C:\Users\du4\AppData\Local\Temp\ccoZYDdR.s 			page 3


  23:Drivers/FreeModbus/port/portevent.c **** 
  24:Drivers/FreeModbus/port/portevent.c **** BOOL xMBPortEventGet( eMBEventType * eEvent )
  25:Drivers/FreeModbus/port/portevent.c **** {
  98              		.loc 1 25 1 is_stmt 1 view -0
  99              		.cfi_startproc
 100              		@ args = 0, pretend = 0, frame = 0
 101              		@ frame_needed = 0, uses_anonymous_args = 0
 102              		@ link register save eliminated.
 103              		.loc 1 25 1 is_stmt 0 view .LVU14
 104 0000 0346     		mov	r3, r0
  26:Drivers/FreeModbus/port/portevent.c ****     BOOL            xEventHappened = FALSE;
 105              		.loc 1 26 5 is_stmt 1 view .LVU15
 106              	.LVL3:
  27:Drivers/FreeModbus/port/portevent.c **** 
  28:Drivers/FreeModbus/port/portevent.c ****     if( xEventInQueue )
 107              		.loc 1 28 5 view .LVU16
 108              		.loc 1 28 9 is_stmt 0 view .LVU17
 109 0002 054A     		ldr	r2, .L9
 110 0004 1078     		ldrb	r0, [r2]	@ zero_extendqisi2
 111              	.LVL4:
 112              		.loc 1 28 7 view .LVU18
 113 0006 30B1     		cbz	r0, .L8
  29:Drivers/FreeModbus/port/portevent.c ****     {
  30:Drivers/FreeModbus/port/portevent.c ****         *eEvent = eQueuedEvent;
 114              		.loc 1 30 9 is_stmt 1 view .LVU19
 115              		.loc 1 30 17 is_stmt 0 view .LVU20
 116 0008 044A     		ldr	r2, .L9+4
 117 000a 1278     		ldrb	r2, [r2]	@ zero_extendqisi2
 118 000c 1A70     		strb	r2, [r3]
  31:Drivers/FreeModbus/port/portevent.c ****         xEventInQueue = FALSE;
 119              		.loc 1 31 9 is_stmt 1 view .LVU21
 120              		.loc 1 31 23 is_stmt 0 view .LVU22
 121 000e 024B     		ldr	r3, .L9
 122              	.LVL5:
 123              		.loc 1 31 23 view .LVU23
 124 0010 0022     		movs	r2, #0
 125 0012 1A70     		strb	r2, [r3]
  32:Drivers/FreeModbus/port/portevent.c ****         xEventHappened = TRUE;
 126              		.loc 1 32 9 is_stmt 1 view .LVU24
 127              	.LVL6:
 128              		.loc 1 32 24 is_stmt 0 view .LVU25
 129 0014 0120     		movs	r0, #1
 130              	.LVL7:
 131              	.L8:
  33:Drivers/FreeModbus/port/portevent.c ****     }
  34:Drivers/FreeModbus/port/portevent.c ****     return xEventHappened;
 132              		.loc 1 34 5 is_stmt 1 view .LVU26
  35:Drivers/FreeModbus/port/portevent.c **** }
 133              		.loc 1 35 1 is_stmt 0 view .LVU27
 134 0016 7047     		bx	lr
 135              	.L10:
 136              		.align	2
 137              	.L9:
 138 0018 00000000 		.word	.LANCHOR0
 139 001c 00000000 		.word	.LANCHOR1
 140              		.cfi_endproc
 141              	.LFE67:
ARM GAS  C:\Users\du4\AppData\Local\Temp\ccoZYDdR.s 			page 4


 143              		.section	.bss.eQueuedEvent,"aw",%nobits
 144              		.set	.LANCHOR1,. + 0
 147              	eQueuedEvent:
 148 0000 00       		.space	1
 149              		.section	.bss.xEventInQueue,"aw",%nobits
 150              		.set	.LANCHOR0,. + 0
 153              	xEventInQueue:
 154 0000 00       		.space	1
 155              		.text
 156              	.Letext0:
 157              		.file 2 "c:\\vscodeproject\\software\\arm_gcc\\arm-none-eabi\\include\\machine\\_default_types.h"
 158              		.file 3 "c:\\vscodeproject\\software\\arm_gcc\\arm-none-eabi\\include\\sys\\_stdint.h"
 159              		.file 4 "Drivers/CMSIS/Include/core_cm3.h"
 160              		.file 5 "Drivers/CMSIS/Device/ST/STM32F1xx/Include/system_stm32f1xx.h"
 161              		.file 6 "Drivers/CMSIS/Device/ST/STM32F1xx/Include/stm32f103xb.h"
 162              		.file 7 "Drivers/STM32F1xx_HAL_Driver/Inc/stm32f1xx_hal_def.h"
 163              		.file 8 "Drivers/STM32F1xx_HAL_Driver/Inc/stm32f1xx_hal_dma.h"
 164              		.file 9 "Drivers/STM32F1xx_HAL_Driver/Inc/stm32f1xx_hal_spi.h"
 165              		.file 10 "Drivers/STM32F1xx_HAL_Driver/Inc/stm32f1xx_hal_tim.h"
 166              		.file 11 "Drivers/STM32F1xx_HAL_Driver/Inc/stm32f1xx_hal_uart.h"
 167              		.file 12 "Drivers/STM32F1xx_HAL_Driver/Inc/stm32f1xx_hal.h"
 168              		.file 13 "c:\\vscodeproject\\software\\arm_gcc\\arm-none-eabi\\include\\sys\\lock.h"
 169              		.file 14 "c:\\vscodeproject\\software\\arm_gcc\\arm-none-eabi\\include\\sys\\_types.h"
 170              		.file 15 "c:\\vscodeproject\\software\\arm_gcc\\lib\\gcc\\arm-none-eabi\\9.2.1\\include\\stddef.h"
 171              		.file 16 "c:\\vscodeproject\\software\\arm_gcc\\arm-none-eabi\\include\\sys\\reent.h"
 172              		.file 17 "Inc/spi.h"
 173              		.file 18 "Inc/tim.h"
 174              		.file 19 "Inc/usart.h"
 175              		.file 20 "Drivers/FreeModbus/port/port.h"
 176              		.file 21 "Drivers/FreeModbus/include/mbport.h"
ARM GAS  C:\Users\du4\AppData\Local\Temp\ccoZYDdR.s 			page 5


DEFINED SYMBOLS
                            *ABS*:0000000000000000 portevent.c
C:\Users\du4\AppData\Local\Temp\ccoZYDdR.s:16     .text.xMBPortEventInit:0000000000000000 $t
C:\Users\du4\AppData\Local\Temp\ccoZYDdR.s:24     .text.xMBPortEventInit:0000000000000000 xMBPortEventInit
C:\Users\du4\AppData\Local\Temp\ccoZYDdR.s:44     .text.xMBPortEventInit:000000000000000c $d
C:\Users\du4\AppData\Local\Temp\ccoZYDdR.s:49     .text.xMBPortEventPost:0000000000000000 $t
C:\Users\du4\AppData\Local\Temp\ccoZYDdR.s:56     .text.xMBPortEventPost:0000000000000000 xMBPortEventPost
C:\Users\du4\AppData\Local\Temp\ccoZYDdR.s:82     .text.xMBPortEventPost:0000000000000010 $d
C:\Users\du4\AppData\Local\Temp\ccoZYDdR.s:88     .text.xMBPortEventGet:0000000000000000 $t
C:\Users\du4\AppData\Local\Temp\ccoZYDdR.s:95     .text.xMBPortEventGet:0000000000000000 xMBPortEventGet
C:\Users\du4\AppData\Local\Temp\ccoZYDdR.s:138    .text.xMBPortEventGet:0000000000000018 $d
C:\Users\du4\AppData\Local\Temp\ccoZYDdR.s:147    .bss.eQueuedEvent:0000000000000000 eQueuedEvent
C:\Users\du4\AppData\Local\Temp\ccoZYDdR.s:148    .bss.eQueuedEvent:0000000000000000 $d
C:\Users\du4\AppData\Local\Temp\ccoZYDdR.s:153    .bss.xEventInQueue:0000000000000000 xEventInQueue
C:\Users\du4\AppData\Local\Temp\ccoZYDdR.s:154    .bss.xEventInQueue:0000000000000000 $d

NO UNDEFINED SYMBOLS
