ARM GAS  C:\Users\Andre\AppData\Local\Temp\ccfGwdLA.s 			page 1


   1              		.cpu cortex-m3
   2              		.eabi_attribute 20, 1
   3              		.eabi_attribute 21, 1
   4              		.eabi_attribute 23, 3
   5              		.eabi_attribute 24, 1
   6              		.eabi_attribute 25, 1
   7              		.eabi_attribute 26, 1
   8              		.eabi_attribute 30, 1
   9              		.eabi_attribute 34, 1
  10              		.eabi_attribute 18, 4
  11              		.file	"stm32f1xx_it.c"
  12              		.text
  13              	.Ltext0:
  14              		.cfi_sections	.debug_frame
  15              		.section	.text.NMI_Handler,"ax",%progbits
  16              		.align	1
  17              		.global	NMI_Handler
  18              		.arch armv7-m
  19              		.syntax unified
  20              		.thumb
  21              		.thumb_func
  22              		.fpu softvfp
  24              	NMI_Handler:
  25              	.LFB65:
  26              		.file 1 "Src/stm32f1xx_it.c"
   1:Src/stm32f1xx_it.c **** /* USER CODE BEGIN Header */
   2:Src/stm32f1xx_it.c **** /**
   3:Src/stm32f1xx_it.c ****   ******************************************************************************
   4:Src/stm32f1xx_it.c ****   * @file    stm32f1xx_it.c
   5:Src/stm32f1xx_it.c ****   * @brief   Interrupt Service Routines.
   6:Src/stm32f1xx_it.c ****   ******************************************************************************
   7:Src/stm32f1xx_it.c ****   * @attention
   8:Src/stm32f1xx_it.c ****   *
   9:Src/stm32f1xx_it.c ****   * <h2><center>&copy; Copyright (c) 2021 STMicroelectronics.
  10:Src/stm32f1xx_it.c ****   * All rights reserved.</center></h2>
  11:Src/stm32f1xx_it.c ****   *
  12:Src/stm32f1xx_it.c ****   * This software component is licensed by ST under BSD 3-Clause license,
  13:Src/stm32f1xx_it.c ****   * the "License"; You may not use this file except in compliance with the
  14:Src/stm32f1xx_it.c ****   * License. You may obtain a copy of the License at:
  15:Src/stm32f1xx_it.c ****   *                        opensource.org/licenses/BSD-3-Clause
  16:Src/stm32f1xx_it.c ****   *
  17:Src/stm32f1xx_it.c ****   ******************************************************************************
  18:Src/stm32f1xx_it.c ****   */
  19:Src/stm32f1xx_it.c **** /* USER CODE END Header */
  20:Src/stm32f1xx_it.c **** 
  21:Src/stm32f1xx_it.c **** /* Includes ------------------------------------------------------------------*/
  22:Src/stm32f1xx_it.c **** #include "main.h"
  23:Src/stm32f1xx_it.c **** #include "stm32f1xx_it.h"
  24:Src/stm32f1xx_it.c **** /* Private includes ----------------------------------------------------------*/
  25:Src/stm32f1xx_it.c **** /* USER CODE BEGIN Includes */
  26:Src/stm32f1xx_it.c **** /* USER CODE END Includes */
  27:Src/stm32f1xx_it.c **** 
  28:Src/stm32f1xx_it.c **** /* Private typedef -----------------------------------------------------------*/
  29:Src/stm32f1xx_it.c **** /* USER CODE BEGIN TD */
  30:Src/stm32f1xx_it.c **** 
  31:Src/stm32f1xx_it.c **** /* USER CODE END TD */
  32:Src/stm32f1xx_it.c **** 
ARM GAS  C:\Users\Andre\AppData\Local\Temp\ccfGwdLA.s 			page 2


  33:Src/stm32f1xx_it.c **** /* Private define ------------------------------------------------------------*/
  34:Src/stm32f1xx_it.c **** /* USER CODE BEGIN PD */
  35:Src/stm32f1xx_it.c **** 
  36:Src/stm32f1xx_it.c **** /* USER CODE END PD */
  37:Src/stm32f1xx_it.c **** 
  38:Src/stm32f1xx_it.c **** /* Private macro -------------------------------------------------------------*/
  39:Src/stm32f1xx_it.c **** /* USER CODE BEGIN PM */
  40:Src/stm32f1xx_it.c **** 
  41:Src/stm32f1xx_it.c **** /* USER CODE END PM */
  42:Src/stm32f1xx_it.c **** 
  43:Src/stm32f1xx_it.c **** /* Private variables ---------------------------------------------------------*/
  44:Src/stm32f1xx_it.c **** /* USER CODE BEGIN PV */
  45:Src/stm32f1xx_it.c **** 
  46:Src/stm32f1xx_it.c **** /* USER CODE END PV */
  47:Src/stm32f1xx_it.c **** 
  48:Src/stm32f1xx_it.c **** /* Private function prototypes -----------------------------------------------*/
  49:Src/stm32f1xx_it.c **** /* USER CODE BEGIN PFP */
  50:Src/stm32f1xx_it.c **** 
  51:Src/stm32f1xx_it.c **** /* USER CODE END PFP */
  52:Src/stm32f1xx_it.c **** 
  53:Src/stm32f1xx_it.c **** /* Private user code ---------------------------------------------------------*/
  54:Src/stm32f1xx_it.c **** /* USER CODE BEGIN 0 */
  55:Src/stm32f1xx_it.c **** 
  56:Src/stm32f1xx_it.c **** /* USER CODE END 0 */
  57:Src/stm32f1xx_it.c **** 
  58:Src/stm32f1xx_it.c **** /* External variables --------------------------------------------------------*/
  59:Src/stm32f1xx_it.c **** extern TIM_HandleTypeDef htim2;
  60:Src/stm32f1xx_it.c **** extern TIM_HandleTypeDef htim3;
  61:Src/stm32f1xx_it.c **** extern TIM_HandleTypeDef htim4;
  62:Src/stm32f1xx_it.c **** extern UART_HandleTypeDef huart3;
  63:Src/stm32f1xx_it.c **** /* USER CODE BEGIN EV */
  64:Src/stm32f1xx_it.c **** 
  65:Src/stm32f1xx_it.c **** /* USER CODE END EV */
  66:Src/stm32f1xx_it.c **** 
  67:Src/stm32f1xx_it.c **** /******************************************************************************/
  68:Src/stm32f1xx_it.c **** /*           Cortex-M3 Processor Interruption and Exception Handlers          */
  69:Src/stm32f1xx_it.c **** /******************************************************************************/
  70:Src/stm32f1xx_it.c **** /**
  71:Src/stm32f1xx_it.c ****   * @brief This function handles Non maskable interrupt.
  72:Src/stm32f1xx_it.c ****   */
  73:Src/stm32f1xx_it.c **** void NMI_Handler(void)
  74:Src/stm32f1xx_it.c **** {
  27              		.loc 1 74 1 view -0
  28              		.cfi_startproc
  29              		@ Volatile: function does not return.
  30              		@ args = 0, pretend = 0, frame = 0
  31              		@ frame_needed = 0, uses_anonymous_args = 0
  32              		@ link register save eliminated.
  33              	.L2:
  75:Src/stm32f1xx_it.c ****   /* USER CODE BEGIN NonMaskableInt_IRQn 0 */
  76:Src/stm32f1xx_it.c **** 
  77:Src/stm32f1xx_it.c ****   /* USER CODE END NonMaskableInt_IRQn 0 */
  78:Src/stm32f1xx_it.c ****   /* USER CODE BEGIN NonMaskableInt_IRQn 1 */
  79:Src/stm32f1xx_it.c ****   while (1)
  34              		.loc 1 79 3 discriminator 1 view .LVU1
  80:Src/stm32f1xx_it.c ****   {
  81:Src/stm32f1xx_it.c ****   }
ARM GAS  C:\Users\Andre\AppData\Local\Temp\ccfGwdLA.s 			page 3


  35              		.loc 1 81 3 discriminator 1 view .LVU2
  79:Src/stm32f1xx_it.c ****   {
  36              		.loc 1 79 9 discriminator 1 view .LVU3
  37 0000 FEE7     		b	.L2
  38              		.cfi_endproc
  39              	.LFE65:
  41              		.section	.text.HardFault_Handler,"ax",%progbits
  42              		.align	1
  43              		.global	HardFault_Handler
  44              		.syntax unified
  45              		.thumb
  46              		.thumb_func
  47              		.fpu softvfp
  49              	HardFault_Handler:
  50              	.LFB66:
  82:Src/stm32f1xx_it.c ****   /* USER CODE END NonMaskableInt_IRQn 1 */
  83:Src/stm32f1xx_it.c **** }
  84:Src/stm32f1xx_it.c **** 
  85:Src/stm32f1xx_it.c **** /**
  86:Src/stm32f1xx_it.c ****   * @brief This function handles Hard fault interrupt.
  87:Src/stm32f1xx_it.c ****   */
  88:Src/stm32f1xx_it.c **** void HardFault_Handler(void)
  89:Src/stm32f1xx_it.c **** {
  51              		.loc 1 89 1 view -0
  52              		.cfi_startproc
  53              		@ Volatile: function does not return.
  54              		@ args = 0, pretend = 0, frame = 0
  55              		@ frame_needed = 0, uses_anonymous_args = 0
  56              		@ link register save eliminated.
  57              	.L4:
  90:Src/stm32f1xx_it.c ****   /* USER CODE BEGIN HardFault_IRQn 0 */
  91:Src/stm32f1xx_it.c **** 
  92:Src/stm32f1xx_it.c ****   /* USER CODE END HardFault_IRQn 0 */
  93:Src/stm32f1xx_it.c ****   while (1)
  58              		.loc 1 93 3 discriminator 1 view .LVU5
  94:Src/stm32f1xx_it.c ****   {
  95:Src/stm32f1xx_it.c ****     /* USER CODE BEGIN W1_HardFault_IRQn 0 */
  96:Src/stm32f1xx_it.c ****     /* USER CODE END W1_HardFault_IRQn 0 */
  97:Src/stm32f1xx_it.c ****   }
  59              		.loc 1 97 3 discriminator 1 view .LVU6
  93:Src/stm32f1xx_it.c ****   {
  60              		.loc 1 93 9 discriminator 1 view .LVU7
  61 0000 FEE7     		b	.L4
  62              		.cfi_endproc
  63              	.LFE66:
  65              		.section	.text.MemManage_Handler,"ax",%progbits
  66              		.align	1
  67              		.global	MemManage_Handler
  68              		.syntax unified
  69              		.thumb
  70              		.thumb_func
  71              		.fpu softvfp
  73              	MemManage_Handler:
  74              	.LFB67:
  98:Src/stm32f1xx_it.c **** }
  99:Src/stm32f1xx_it.c **** 
 100:Src/stm32f1xx_it.c **** /**
ARM GAS  C:\Users\Andre\AppData\Local\Temp\ccfGwdLA.s 			page 4


 101:Src/stm32f1xx_it.c ****   * @brief This function handles Memory management fault.
 102:Src/stm32f1xx_it.c ****   */
 103:Src/stm32f1xx_it.c **** void MemManage_Handler(void)
 104:Src/stm32f1xx_it.c **** {
  75              		.loc 1 104 1 view -0
  76              		.cfi_startproc
  77              		@ Volatile: function does not return.
  78              		@ args = 0, pretend = 0, frame = 0
  79              		@ frame_needed = 0, uses_anonymous_args = 0
  80              		@ link register save eliminated.
  81              	.L6:
 105:Src/stm32f1xx_it.c ****   /* USER CODE BEGIN MemoryManagement_IRQn 0 */
 106:Src/stm32f1xx_it.c **** 
 107:Src/stm32f1xx_it.c ****   /* USER CODE END MemoryManagement_IRQn 0 */
 108:Src/stm32f1xx_it.c ****   while (1)
  82              		.loc 1 108 3 discriminator 1 view .LVU9
 109:Src/stm32f1xx_it.c ****   {
 110:Src/stm32f1xx_it.c ****     /* USER CODE BEGIN W1_MemoryManagement_IRQn 0 */
 111:Src/stm32f1xx_it.c ****     /* USER CODE END W1_MemoryManagement_IRQn 0 */
 112:Src/stm32f1xx_it.c ****   }
  83              		.loc 1 112 3 discriminator 1 view .LVU10
 108:Src/stm32f1xx_it.c ****   {
  84              		.loc 1 108 9 discriminator 1 view .LVU11
  85 0000 FEE7     		b	.L6
  86              		.cfi_endproc
  87              	.LFE67:
  89              		.section	.text.BusFault_Handler,"ax",%progbits
  90              		.align	1
  91              		.global	BusFault_Handler
  92              		.syntax unified
  93              		.thumb
  94              		.thumb_func
  95              		.fpu softvfp
  97              	BusFault_Handler:
  98              	.LFB68:
 113:Src/stm32f1xx_it.c **** }
 114:Src/stm32f1xx_it.c **** 
 115:Src/stm32f1xx_it.c **** /**
 116:Src/stm32f1xx_it.c ****   * @brief This function handles Prefetch fault, memory access fault.
 117:Src/stm32f1xx_it.c ****   */
 118:Src/stm32f1xx_it.c **** void BusFault_Handler(void)
 119:Src/stm32f1xx_it.c **** {
  99              		.loc 1 119 1 view -0
 100              		.cfi_startproc
 101              		@ Volatile: function does not return.
 102              		@ args = 0, pretend = 0, frame = 0
 103              		@ frame_needed = 0, uses_anonymous_args = 0
 104              		@ link register save eliminated.
 105              	.L8:
 120:Src/stm32f1xx_it.c ****   /* USER CODE BEGIN BusFault_IRQn 0 */
 121:Src/stm32f1xx_it.c **** 
 122:Src/stm32f1xx_it.c ****   /* USER CODE END BusFault_IRQn 0 */
 123:Src/stm32f1xx_it.c ****   while (1)
 106              		.loc 1 123 3 discriminator 1 view .LVU13
 124:Src/stm32f1xx_it.c ****   {
 125:Src/stm32f1xx_it.c ****     /* USER CODE BEGIN W1_BusFault_IRQn 0 */
 126:Src/stm32f1xx_it.c ****     /* USER CODE END W1_BusFault_IRQn 0 */
ARM GAS  C:\Users\Andre\AppData\Local\Temp\ccfGwdLA.s 			page 5


 127:Src/stm32f1xx_it.c ****   }
 107              		.loc 1 127 3 discriminator 1 view .LVU14
 123:Src/stm32f1xx_it.c ****   {
 108              		.loc 1 123 9 discriminator 1 view .LVU15
 109 0000 FEE7     		b	.L8
 110              		.cfi_endproc
 111              	.LFE68:
 113              		.section	.text.UsageFault_Handler,"ax",%progbits
 114              		.align	1
 115              		.global	UsageFault_Handler
 116              		.syntax unified
 117              		.thumb
 118              		.thumb_func
 119              		.fpu softvfp
 121              	UsageFault_Handler:
 122              	.LFB69:
 128:Src/stm32f1xx_it.c **** }
 129:Src/stm32f1xx_it.c **** 
 130:Src/stm32f1xx_it.c **** /**
 131:Src/stm32f1xx_it.c ****   * @brief This function handles Undefined instruction or illegal state.
 132:Src/stm32f1xx_it.c ****   */
 133:Src/stm32f1xx_it.c **** void UsageFault_Handler(void)
 134:Src/stm32f1xx_it.c **** {
 123              		.loc 1 134 1 view -0
 124              		.cfi_startproc
 125              		@ Volatile: function does not return.
 126              		@ args = 0, pretend = 0, frame = 0
 127              		@ frame_needed = 0, uses_anonymous_args = 0
 128              		@ link register save eliminated.
 129              	.L10:
 135:Src/stm32f1xx_it.c ****   /* USER CODE BEGIN UsageFault_IRQn 0 */
 136:Src/stm32f1xx_it.c **** 
 137:Src/stm32f1xx_it.c ****   /* USER CODE END UsageFault_IRQn 0 */
 138:Src/stm32f1xx_it.c ****   while (1)
 130              		.loc 1 138 3 discriminator 1 view .LVU17
 139:Src/stm32f1xx_it.c ****   {
 140:Src/stm32f1xx_it.c ****     /* USER CODE BEGIN W1_UsageFault_IRQn 0 */
 141:Src/stm32f1xx_it.c ****     /* USER CODE END W1_UsageFault_IRQn 0 */
 142:Src/stm32f1xx_it.c ****   }
 131              		.loc 1 142 3 discriminator 1 view .LVU18
 138:Src/stm32f1xx_it.c ****   {
 132              		.loc 1 138 9 discriminator 1 view .LVU19
 133 0000 FEE7     		b	.L10
 134              		.cfi_endproc
 135              	.LFE69:
 137              		.section	.text.SVC_Handler,"ax",%progbits
 138              		.align	1
 139              		.global	SVC_Handler
 140              		.syntax unified
 141              		.thumb
 142              		.thumb_func
 143              		.fpu softvfp
 145              	SVC_Handler:
 146              	.LFB70:
 143:Src/stm32f1xx_it.c **** }
 144:Src/stm32f1xx_it.c **** 
 145:Src/stm32f1xx_it.c **** /**
ARM GAS  C:\Users\Andre\AppData\Local\Temp\ccfGwdLA.s 			page 6


 146:Src/stm32f1xx_it.c ****   * @brief This function handles System service call via SWI instruction.
 147:Src/stm32f1xx_it.c ****   */
 148:Src/stm32f1xx_it.c **** void SVC_Handler(void)
 149:Src/stm32f1xx_it.c **** {
 147              		.loc 1 149 1 view -0
 148              		.cfi_startproc
 149              		@ args = 0, pretend = 0, frame = 0
 150              		@ frame_needed = 0, uses_anonymous_args = 0
 151              		@ link register save eliminated.
 150:Src/stm32f1xx_it.c ****   /* USER CODE BEGIN SVCall_IRQn 0 */
 151:Src/stm32f1xx_it.c **** 
 152:Src/stm32f1xx_it.c ****   /* USER CODE END SVCall_IRQn 0 */
 153:Src/stm32f1xx_it.c ****   /* USER CODE BEGIN SVCall_IRQn 1 */
 154:Src/stm32f1xx_it.c **** 
 155:Src/stm32f1xx_it.c ****   /* USER CODE END SVCall_IRQn 1 */
 156:Src/stm32f1xx_it.c **** }
 152              		.loc 1 156 1 view .LVU21
 153 0000 7047     		bx	lr
 154              		.cfi_endproc
 155              	.LFE70:
 157              		.section	.text.DebugMon_Handler,"ax",%progbits
 158              		.align	1
 159              		.global	DebugMon_Handler
 160              		.syntax unified
 161              		.thumb
 162              		.thumb_func
 163              		.fpu softvfp
 165              	DebugMon_Handler:
 166              	.LFB71:
 157:Src/stm32f1xx_it.c **** 
 158:Src/stm32f1xx_it.c **** /**
 159:Src/stm32f1xx_it.c ****   * @brief This function handles Debug monitor.
 160:Src/stm32f1xx_it.c ****   */
 161:Src/stm32f1xx_it.c **** void DebugMon_Handler(void)
 162:Src/stm32f1xx_it.c **** {
 167              		.loc 1 162 1 view -0
 168              		.cfi_startproc
 169              		@ args = 0, pretend = 0, frame = 0
 170              		@ frame_needed = 0, uses_anonymous_args = 0
 171              		@ link register save eliminated.
 163:Src/stm32f1xx_it.c ****   /* USER CODE BEGIN DebugMonitor_IRQn 0 */
 164:Src/stm32f1xx_it.c **** 
 165:Src/stm32f1xx_it.c ****   /* USER CODE END DebugMonitor_IRQn 0 */
 166:Src/stm32f1xx_it.c ****   /* USER CODE BEGIN DebugMonitor_IRQn 1 */
 167:Src/stm32f1xx_it.c **** 
 168:Src/stm32f1xx_it.c ****   /* USER CODE END DebugMonitor_IRQn 1 */
 169:Src/stm32f1xx_it.c **** }
 172              		.loc 1 169 1 view .LVU23
 173 0000 7047     		bx	lr
 174              		.cfi_endproc
 175              	.LFE71:
 177              		.section	.text.PendSV_Handler,"ax",%progbits
 178              		.align	1
 179              		.global	PendSV_Handler
 180              		.syntax unified
 181              		.thumb
 182              		.thumb_func
ARM GAS  C:\Users\Andre\AppData\Local\Temp\ccfGwdLA.s 			page 7


 183              		.fpu softvfp
 185              	PendSV_Handler:
 186              	.LFB72:
 170:Src/stm32f1xx_it.c **** 
 171:Src/stm32f1xx_it.c **** /**
 172:Src/stm32f1xx_it.c ****   * @brief This function handles Pendable request for system service.
 173:Src/stm32f1xx_it.c ****   */
 174:Src/stm32f1xx_it.c **** void PendSV_Handler(void)
 175:Src/stm32f1xx_it.c **** {
 187              		.loc 1 175 1 view -0
 188              		.cfi_startproc
 189              		@ args = 0, pretend = 0, frame = 0
 190              		@ frame_needed = 0, uses_anonymous_args = 0
 191              		@ link register save eliminated.
 176:Src/stm32f1xx_it.c ****   /* USER CODE BEGIN PendSV_IRQn 0 */
 177:Src/stm32f1xx_it.c **** 
 178:Src/stm32f1xx_it.c ****   /* USER CODE END PendSV_IRQn 0 */
 179:Src/stm32f1xx_it.c ****   /* USER CODE BEGIN PendSV_IRQn 1 */
 180:Src/stm32f1xx_it.c **** 
 181:Src/stm32f1xx_it.c ****   /* USER CODE END PendSV_IRQn 1 */
 182:Src/stm32f1xx_it.c **** }
 192              		.loc 1 182 1 view .LVU25
 193 0000 7047     		bx	lr
 194              		.cfi_endproc
 195              	.LFE72:
 197              		.section	.text.SysTick_Handler,"ax",%progbits
 198              		.align	1
 199              		.global	SysTick_Handler
 200              		.syntax unified
 201              		.thumb
 202              		.thumb_func
 203              		.fpu softvfp
 205              	SysTick_Handler:
 206              	.LFB73:
 183:Src/stm32f1xx_it.c **** 
 184:Src/stm32f1xx_it.c **** /**
 185:Src/stm32f1xx_it.c ****   * @brief This function handles System tick timer.
 186:Src/stm32f1xx_it.c ****   */
 187:Src/stm32f1xx_it.c **** void SysTick_Handler(void)
 188:Src/stm32f1xx_it.c **** {
 207              		.loc 1 188 1 view -0
 208              		.cfi_startproc
 209              		@ args = 0, pretend = 0, frame = 0
 210              		@ frame_needed = 0, uses_anonymous_args = 0
 211 0000 08B5     		push	{r3, lr}
 212              	.LCFI0:
 213              		.cfi_def_cfa_offset 8
 214              		.cfi_offset 3, -8
 215              		.cfi_offset 14, -4
 189:Src/stm32f1xx_it.c ****   /* USER CODE BEGIN SysTick_IRQn 0 */
 190:Src/stm32f1xx_it.c **** 
 191:Src/stm32f1xx_it.c ****   /* USER CODE END SysTick_IRQn 0 */
 192:Src/stm32f1xx_it.c ****   HAL_IncTick();
 216              		.loc 1 192 3 view .LVU27
 217 0002 FFF7FEFF 		bl	HAL_IncTick
 218              	.LVL0:
 193:Src/stm32f1xx_it.c ****   /* USER CODE BEGIN SysTick_IRQn 1 */
ARM GAS  C:\Users\Andre\AppData\Local\Temp\ccfGwdLA.s 			page 8


 194:Src/stm32f1xx_it.c **** 
 195:Src/stm32f1xx_it.c ****   /* USER CODE END SysTick_IRQn 1 */
 196:Src/stm32f1xx_it.c **** }
 219              		.loc 1 196 1 is_stmt 0 view .LVU28
 220 0006 08BD     		pop	{r3, pc}
 221              		.cfi_endproc
 222              	.LFE73:
 224              		.section	.text.EXTI9_5_IRQHandler,"ax",%progbits
 225              		.align	1
 226              		.global	EXTI9_5_IRQHandler
 227              		.syntax unified
 228              		.thumb
 229              		.thumb_func
 230              		.fpu softvfp
 232              	EXTI9_5_IRQHandler:
 233              	.LFB74:
 197:Src/stm32f1xx_it.c **** 
 198:Src/stm32f1xx_it.c **** /******************************************************************************/
 199:Src/stm32f1xx_it.c **** /* STM32F1xx Peripheral Interrupt Handlers                                    */
 200:Src/stm32f1xx_it.c **** /* Add here the Interrupt Handlers for the used peripherals.                  */
 201:Src/stm32f1xx_it.c **** /* For the available peripheral interrupt handler names,                      */
 202:Src/stm32f1xx_it.c **** /* please refer to the startup file (startup_stm32f1xx.s).                    */
 203:Src/stm32f1xx_it.c **** /******************************************************************************/
 204:Src/stm32f1xx_it.c **** 
 205:Src/stm32f1xx_it.c **** /**
 206:Src/stm32f1xx_it.c ****   * @brief This function handles EXTI line[9:5] interrupts.
 207:Src/stm32f1xx_it.c ****   */
 208:Src/stm32f1xx_it.c **** void EXTI9_5_IRQHandler(void)
 209:Src/stm32f1xx_it.c **** {
 234              		.loc 1 209 1 is_stmt 1 view -0
 235              		.cfi_startproc
 236              		@ args = 0, pretend = 0, frame = 0
 237              		@ frame_needed = 0, uses_anonymous_args = 0
 238 0000 08B5     		push	{r3, lr}
 239              	.LCFI1:
 240              		.cfi_def_cfa_offset 8
 241              		.cfi_offset 3, -8
 242              		.cfi_offset 14, -4
 210:Src/stm32f1xx_it.c ****   /* USER CODE BEGIN EXTI9_5_IRQn 0 */
 211:Src/stm32f1xx_it.c **** 
 212:Src/stm32f1xx_it.c ****   /* USER CODE END EXTI9_5_IRQn 0 */
 213:Src/stm32f1xx_it.c ****   HAL_GPIO_EXTI_IRQHandler(GPIO_PIN_7);
 243              		.loc 1 213 3 view .LVU30
 244 0002 8020     		movs	r0, #128
 245 0004 FFF7FEFF 		bl	HAL_GPIO_EXTI_IRQHandler
 246              	.LVL1:
 214:Src/stm32f1xx_it.c ****   /* USER CODE BEGIN EXTI9_5_IRQn 1 */
 215:Src/stm32f1xx_it.c **** 
 216:Src/stm32f1xx_it.c ****   /* USER CODE END EXTI9_5_IRQn 1 */
 217:Src/stm32f1xx_it.c **** }
 247              		.loc 1 217 1 is_stmt 0 view .LVU31
 248 0008 08BD     		pop	{r3, pc}
 249              		.cfi_endproc
 250              	.LFE74:
 252              		.section	.text.TIM2_IRQHandler,"ax",%progbits
 253              		.align	1
 254              		.global	TIM2_IRQHandler
ARM GAS  C:\Users\Andre\AppData\Local\Temp\ccfGwdLA.s 			page 9


 255              		.syntax unified
 256              		.thumb
 257              		.thumb_func
 258              		.fpu softvfp
 260              	TIM2_IRQHandler:
 261              	.LFB75:
 218:Src/stm32f1xx_it.c **** 
 219:Src/stm32f1xx_it.c **** /**
 220:Src/stm32f1xx_it.c ****   * @brief This function handles TIM2 global interrupt.
 221:Src/stm32f1xx_it.c ****   */
 222:Src/stm32f1xx_it.c **** void TIM2_IRQHandler(void)
 223:Src/stm32f1xx_it.c **** {
 262              		.loc 1 223 1 is_stmt 1 view -0
 263              		.cfi_startproc
 264              		@ args = 0, pretend = 0, frame = 0
 265              		@ frame_needed = 0, uses_anonymous_args = 0
 266 0000 08B5     		push	{r3, lr}
 267              	.LCFI2:
 268              		.cfi_def_cfa_offset 8
 269              		.cfi_offset 3, -8
 270              		.cfi_offset 14, -4
 224:Src/stm32f1xx_it.c ****   /* USER CODE BEGIN TIM2_IRQn 0 */
 225:Src/stm32f1xx_it.c **** 
 226:Src/stm32f1xx_it.c ****   /* USER CODE END TIM2_IRQn 0 */
 227:Src/stm32f1xx_it.c ****   HAL_TIM_IRQHandler(&htim2);
 271              		.loc 1 227 3 view .LVU33
 272 0002 0248     		ldr	r0, .L20
 273 0004 FFF7FEFF 		bl	HAL_TIM_IRQHandler
 274              	.LVL2:
 228:Src/stm32f1xx_it.c ****   /* USER CODE BEGIN TIM2_IRQn 1 */
 229:Src/stm32f1xx_it.c **** 
 230:Src/stm32f1xx_it.c ****   /* USER CODE END TIM2_IRQn 1 */
 231:Src/stm32f1xx_it.c **** }
 275              		.loc 1 231 1 is_stmt 0 view .LVU34
 276 0008 08BD     		pop	{r3, pc}
 277              	.L21:
 278 000a 00BF     		.align	2
 279              	.L20:
 280 000c 00000000 		.word	htim2
 281              		.cfi_endproc
 282              	.LFE75:
 284              		.section	.text.TIM3_IRQHandler,"ax",%progbits
 285              		.align	1
 286              		.global	TIM3_IRQHandler
 287              		.syntax unified
 288              		.thumb
 289              		.thumb_func
 290              		.fpu softvfp
 292              	TIM3_IRQHandler:
 293              	.LFB76:
 232:Src/stm32f1xx_it.c **** 
 233:Src/stm32f1xx_it.c **** /**
 234:Src/stm32f1xx_it.c ****   * @brief This function handles TIM3 global interrupt.
 235:Src/stm32f1xx_it.c ****   */
 236:Src/stm32f1xx_it.c **** void TIM3_IRQHandler(void)
 237:Src/stm32f1xx_it.c **** {
 294              		.loc 1 237 1 is_stmt 1 view -0
ARM GAS  C:\Users\Andre\AppData\Local\Temp\ccfGwdLA.s 			page 10


 295              		.cfi_startproc
 296              		@ args = 0, pretend = 0, frame = 0
 297              		@ frame_needed = 0, uses_anonymous_args = 0
 298 0000 08B5     		push	{r3, lr}
 299              	.LCFI3:
 300              		.cfi_def_cfa_offset 8
 301              		.cfi_offset 3, -8
 302              		.cfi_offset 14, -4
 238:Src/stm32f1xx_it.c ****   /* USER CODE BEGIN TIM3_IRQn 0 */
 239:Src/stm32f1xx_it.c **** 
 240:Src/stm32f1xx_it.c ****   /* USER CODE END TIM3_IRQn 0 */
 241:Src/stm32f1xx_it.c ****   HAL_TIM_IRQHandler(&htim3);
 303              		.loc 1 241 3 view .LVU36
 304 0002 0248     		ldr	r0, .L24
 305 0004 FFF7FEFF 		bl	HAL_TIM_IRQHandler
 306              	.LVL3:
 242:Src/stm32f1xx_it.c ****   /* USER CODE BEGIN TIM3_IRQn 1 */
 243:Src/stm32f1xx_it.c **** 
 244:Src/stm32f1xx_it.c ****   /* USER CODE END TIM3_IRQn 1 */
 245:Src/stm32f1xx_it.c **** }
 307              		.loc 1 245 1 is_stmt 0 view .LVU37
 308 0008 08BD     		pop	{r3, pc}
 309              	.L25:
 310 000a 00BF     		.align	2
 311              	.L24:
 312 000c 00000000 		.word	htim3
 313              		.cfi_endproc
 314              	.LFE76:
 316              		.section	.text.TIM4_IRQHandler,"ax",%progbits
 317              		.align	1
 318              		.global	TIM4_IRQHandler
 319              		.syntax unified
 320              		.thumb
 321              		.thumb_func
 322              		.fpu softvfp
 324              	TIM4_IRQHandler:
 325              	.LFB77:
 246:Src/stm32f1xx_it.c **** 
 247:Src/stm32f1xx_it.c **** /**
 248:Src/stm32f1xx_it.c ****   * @brief This function handles TIM4 global interrupt.
 249:Src/stm32f1xx_it.c ****   */
 250:Src/stm32f1xx_it.c **** void TIM4_IRQHandler(void)
 251:Src/stm32f1xx_it.c **** {
 326              		.loc 1 251 1 is_stmt 1 view -0
 327              		.cfi_startproc
 328              		@ args = 0, pretend = 0, frame = 0
 329              		@ frame_needed = 0, uses_anonymous_args = 0
 330 0000 08B5     		push	{r3, lr}
 331              	.LCFI4:
 332              		.cfi_def_cfa_offset 8
 333              		.cfi_offset 3, -8
 334              		.cfi_offset 14, -4
 252:Src/stm32f1xx_it.c ****   /* USER CODE BEGIN TIM4_IRQn 0 */
 253:Src/stm32f1xx_it.c **** 
 254:Src/stm32f1xx_it.c ****   /* USER CODE END TIM4_IRQn 0 */
 255:Src/stm32f1xx_it.c ****   HAL_TIM_IRQHandler(&htim4);
 335              		.loc 1 255 3 view .LVU39
ARM GAS  C:\Users\Andre\AppData\Local\Temp\ccfGwdLA.s 			page 11


 336 0002 0248     		ldr	r0, .L28
 337 0004 FFF7FEFF 		bl	HAL_TIM_IRQHandler
 338              	.LVL4:
 256:Src/stm32f1xx_it.c ****   /* USER CODE BEGIN TIM4_IRQn 1 */
 257:Src/stm32f1xx_it.c **** 
 258:Src/stm32f1xx_it.c ****   /* USER CODE END TIM4_IRQn 1 */
 259:Src/stm32f1xx_it.c **** }
 339              		.loc 1 259 1 is_stmt 0 view .LVU40
 340 0008 08BD     		pop	{r3, pc}
 341              	.L29:
 342 000a 00BF     		.align	2
 343              	.L28:
 344 000c 00000000 		.word	htim4
 345              		.cfi_endproc
 346              	.LFE77:
 348              		.section	.text.USART3_IRQHandler,"ax",%progbits
 349              		.align	1
 350              		.global	USART3_IRQHandler
 351              		.syntax unified
 352              		.thumb
 353              		.thumb_func
 354              		.fpu softvfp
 356              	USART3_IRQHandler:
 357              	.LFB78:
 260:Src/stm32f1xx_it.c **** 
 261:Src/stm32f1xx_it.c **** /**
 262:Src/stm32f1xx_it.c ****   * @brief This function handles USART3 global interrupt.
 263:Src/stm32f1xx_it.c ****   */
 264:Src/stm32f1xx_it.c **** void USART3_IRQHandler(void)
 265:Src/stm32f1xx_it.c **** {
 358              		.loc 1 265 1 is_stmt 1 view -0
 359              		.cfi_startproc
 360              		@ args = 0, pretend = 0, frame = 0
 361              		@ frame_needed = 0, uses_anonymous_args = 0
 362 0000 08B5     		push	{r3, lr}
 363              	.LCFI5:
 364              		.cfi_def_cfa_offset 8
 365              		.cfi_offset 3, -8
 366              		.cfi_offset 14, -4
 266:Src/stm32f1xx_it.c ****   /* USER CODE BEGIN USART3_IRQn 0 */
 267:Src/stm32f1xx_it.c **** 
 268:Src/stm32f1xx_it.c ****   /* USER CODE END USART3_IRQn 0 */
 269:Src/stm32f1xx_it.c ****   HAL_UART_IRQHandler(&huart3);
 367              		.loc 1 269 3 view .LVU42
 368 0002 0248     		ldr	r0, .L32
 369 0004 FFF7FEFF 		bl	HAL_UART_IRQHandler
 370              	.LVL5:
 270:Src/stm32f1xx_it.c ****   /* USER CODE BEGIN USART3_IRQn 1 */
 271:Src/stm32f1xx_it.c **** 
 272:Src/stm32f1xx_it.c ****   /* USER CODE END USART3_IRQn 1 */
 273:Src/stm32f1xx_it.c **** }
 371              		.loc 1 273 1 is_stmt 0 view .LVU43
 372 0008 08BD     		pop	{r3, pc}
 373              	.L33:
 374 000a 00BF     		.align	2
 375              	.L32:
 376 000c 00000000 		.word	huart3
ARM GAS  C:\Users\Andre\AppData\Local\Temp\ccfGwdLA.s 			page 12


 377              		.cfi_endproc
 378              	.LFE78:
 380              		.section	.text.EXTI15_10_IRQHandler,"ax",%progbits
 381              		.align	1
 382              		.global	EXTI15_10_IRQHandler
 383              		.syntax unified
 384              		.thumb
 385              		.thumb_func
 386              		.fpu softvfp
 388              	EXTI15_10_IRQHandler:
 389              	.LFB79:
 274:Src/stm32f1xx_it.c **** 
 275:Src/stm32f1xx_it.c **** /**
 276:Src/stm32f1xx_it.c ****   * @brief This function handles EXTI line[15:10] interrupts.
 277:Src/stm32f1xx_it.c ****   */
 278:Src/stm32f1xx_it.c **** void EXTI15_10_IRQHandler(void)
 279:Src/stm32f1xx_it.c **** {
 390              		.loc 1 279 1 is_stmt 1 view -0
 391              		.cfi_startproc
 392              		@ args = 0, pretend = 0, frame = 0
 393              		@ frame_needed = 0, uses_anonymous_args = 0
 394 0000 08B5     		push	{r3, lr}
 395              	.LCFI6:
 396              		.cfi_def_cfa_offset 8
 397              		.cfi_offset 3, -8
 398              		.cfi_offset 14, -4
 280:Src/stm32f1xx_it.c ****   /* USER CODE BEGIN EXTI15_10_IRQn 0 */
 281:Src/stm32f1xx_it.c **** 
 282:Src/stm32f1xx_it.c ****   /* USER CODE END EXTI15_10_IRQn 0 */
 283:Src/stm32f1xx_it.c ****   HAL_GPIO_EXTI_IRQHandler(GPIO_PIN_10);
 399              		.loc 1 283 3 view .LVU45
 400 0002 4FF48060 		mov	r0, #1024
 401 0006 FFF7FEFF 		bl	HAL_GPIO_EXTI_IRQHandler
 402              	.LVL6:
 284:Src/stm32f1xx_it.c ****   HAL_GPIO_EXTI_IRQHandler(GPIO_PIN_11);
 403              		.loc 1 284 3 view .LVU46
 404 000a 4FF40060 		mov	r0, #2048
 405 000e FFF7FEFF 		bl	HAL_GPIO_EXTI_IRQHandler
 406              	.LVL7:
 285:Src/stm32f1xx_it.c ****   HAL_GPIO_EXTI_IRQHandler(GPIO_PIN_12);
 407              		.loc 1 285 3 view .LVU47
 408 0012 4FF48050 		mov	r0, #4096
 409 0016 FFF7FEFF 		bl	HAL_GPIO_EXTI_IRQHandler
 410              	.LVL8:
 286:Src/stm32f1xx_it.c ****   /* USER CODE BEGIN EXTI15_10_IRQn 1 */
 287:Src/stm32f1xx_it.c **** 
 288:Src/stm32f1xx_it.c ****   /* USER CODE END EXTI15_10_IRQn 1 */
 289:Src/stm32f1xx_it.c **** }
 411              		.loc 1 289 1 is_stmt 0 view .LVU48
 412 001a 08BD     		pop	{r3, pc}
 413              		.cfi_endproc
 414              	.LFE79:
 416              		.text
 417              	.Letext0:
 418              		.file 2 "c:\\vscodeproject\\software\\arm_gcc\\arm-none-eabi\\include\\machine\\_default_types.h"
 419              		.file 3 "c:\\vscodeproject\\software\\arm_gcc\\arm-none-eabi\\include\\sys\\_stdint.h"
 420              		.file 4 "Drivers/CMSIS/Include/core_cm3.h"
ARM GAS  C:\Users\Andre\AppData\Local\Temp\ccfGwdLA.s 			page 13


 421              		.file 5 "Drivers/CMSIS/Device/ST/STM32F1xx/Include/system_stm32f1xx.h"
 422              		.file 6 "Drivers/CMSIS/Device/ST/STM32F1xx/Include/stm32f103xb.h"
 423              		.file 7 "Drivers/STM32F1xx_HAL_Driver/Inc/stm32f1xx_hal_def.h"
 424              		.file 8 "Drivers/STM32F1xx_HAL_Driver/Inc/stm32f1xx_hal_dma.h"
 425              		.file 9 "Drivers/STM32F1xx_HAL_Driver/Inc/stm32f1xx_hal_spi.h"
 426              		.file 10 "Drivers/STM32F1xx_HAL_Driver/Inc/stm32f1xx_hal_tim.h"
 427              		.file 11 "Drivers/STM32F1xx_HAL_Driver/Inc/stm32f1xx_hal_uart.h"
 428              		.file 12 "Drivers/STM32F1xx_HAL_Driver/Inc/stm32f1xx_hal.h"
 429              		.file 13 "c:\\vscodeproject\\software\\arm_gcc\\arm-none-eabi\\include\\sys\\lock.h"
 430              		.file 14 "c:\\vscodeproject\\software\\arm_gcc\\arm-none-eabi\\include\\sys\\_types.h"
 431              		.file 15 "c:\\vscodeproject\\software\\arm_gcc\\lib\\gcc\\arm-none-eabi\\9.2.1\\include\\stddef.h"
 432              		.file 16 "c:\\vscodeproject\\software\\arm_gcc\\arm-none-eabi\\include\\sys\\reent.h"
 433              		.file 17 "Inc/spi.h"
 434              		.file 18 "Inc/tim.h"
 435              		.file 19 "Inc/usart.h"
 436              		.file 20 "Drivers/STM32F1xx_HAL_Driver/Inc/stm32f1xx_hal_gpio.h"
ARM GAS  C:\Users\Andre\AppData\Local\Temp\ccfGwdLA.s 			page 14


DEFINED SYMBOLS
                            *ABS*:0000000000000000 stm32f1xx_it.c
C:\Users\Andre\AppData\Local\Temp\ccfGwdLA.s:16     .text.NMI_Handler:0000000000000000 $t
C:\Users\Andre\AppData\Local\Temp\ccfGwdLA.s:24     .text.NMI_Handler:0000000000000000 NMI_Handler
C:\Users\Andre\AppData\Local\Temp\ccfGwdLA.s:42     .text.HardFault_Handler:0000000000000000 $t
C:\Users\Andre\AppData\Local\Temp\ccfGwdLA.s:49     .text.HardFault_Handler:0000000000000000 HardFault_Handler
C:\Users\Andre\AppData\Local\Temp\ccfGwdLA.s:66     .text.MemManage_Handler:0000000000000000 $t
C:\Users\Andre\AppData\Local\Temp\ccfGwdLA.s:73     .text.MemManage_Handler:0000000000000000 MemManage_Handler
C:\Users\Andre\AppData\Local\Temp\ccfGwdLA.s:90     .text.BusFault_Handler:0000000000000000 $t
C:\Users\Andre\AppData\Local\Temp\ccfGwdLA.s:97     .text.BusFault_Handler:0000000000000000 BusFault_Handler
C:\Users\Andre\AppData\Local\Temp\ccfGwdLA.s:114    .text.UsageFault_Handler:0000000000000000 $t
C:\Users\Andre\AppData\Local\Temp\ccfGwdLA.s:121    .text.UsageFault_Handler:0000000000000000 UsageFault_Handler
C:\Users\Andre\AppData\Local\Temp\ccfGwdLA.s:138    .text.SVC_Handler:0000000000000000 $t
C:\Users\Andre\AppData\Local\Temp\ccfGwdLA.s:145    .text.SVC_Handler:0000000000000000 SVC_Handler
C:\Users\Andre\AppData\Local\Temp\ccfGwdLA.s:158    .text.DebugMon_Handler:0000000000000000 $t
C:\Users\Andre\AppData\Local\Temp\ccfGwdLA.s:165    .text.DebugMon_Handler:0000000000000000 DebugMon_Handler
C:\Users\Andre\AppData\Local\Temp\ccfGwdLA.s:178    .text.PendSV_Handler:0000000000000000 $t
C:\Users\Andre\AppData\Local\Temp\ccfGwdLA.s:185    .text.PendSV_Handler:0000000000000000 PendSV_Handler
C:\Users\Andre\AppData\Local\Temp\ccfGwdLA.s:198    .text.SysTick_Handler:0000000000000000 $t
C:\Users\Andre\AppData\Local\Temp\ccfGwdLA.s:205    .text.SysTick_Handler:0000000000000000 SysTick_Handler
C:\Users\Andre\AppData\Local\Temp\ccfGwdLA.s:225    .text.EXTI9_5_IRQHandler:0000000000000000 $t
C:\Users\Andre\AppData\Local\Temp\ccfGwdLA.s:232    .text.EXTI9_5_IRQHandler:0000000000000000 EXTI9_5_IRQHandler
C:\Users\Andre\AppData\Local\Temp\ccfGwdLA.s:253    .text.TIM2_IRQHandler:0000000000000000 $t
C:\Users\Andre\AppData\Local\Temp\ccfGwdLA.s:260    .text.TIM2_IRQHandler:0000000000000000 TIM2_IRQHandler
C:\Users\Andre\AppData\Local\Temp\ccfGwdLA.s:280    .text.TIM2_IRQHandler:000000000000000c $d
C:\Users\Andre\AppData\Local\Temp\ccfGwdLA.s:285    .text.TIM3_IRQHandler:0000000000000000 $t
C:\Users\Andre\AppData\Local\Temp\ccfGwdLA.s:292    .text.TIM3_IRQHandler:0000000000000000 TIM3_IRQHandler
C:\Users\Andre\AppData\Local\Temp\ccfGwdLA.s:312    .text.TIM3_IRQHandler:000000000000000c $d
C:\Users\Andre\AppData\Local\Temp\ccfGwdLA.s:317    .text.TIM4_IRQHandler:0000000000000000 $t
C:\Users\Andre\AppData\Local\Temp\ccfGwdLA.s:324    .text.TIM4_IRQHandler:0000000000000000 TIM4_IRQHandler
C:\Users\Andre\AppData\Local\Temp\ccfGwdLA.s:344    .text.TIM4_IRQHandler:000000000000000c $d
C:\Users\Andre\AppData\Local\Temp\ccfGwdLA.s:349    .text.USART3_IRQHandler:0000000000000000 $t
C:\Users\Andre\AppData\Local\Temp\ccfGwdLA.s:356    .text.USART3_IRQHandler:0000000000000000 USART3_IRQHandler
C:\Users\Andre\AppData\Local\Temp\ccfGwdLA.s:376    .text.USART3_IRQHandler:000000000000000c $d
C:\Users\Andre\AppData\Local\Temp\ccfGwdLA.s:381    .text.EXTI15_10_IRQHandler:0000000000000000 $t
C:\Users\Andre\AppData\Local\Temp\ccfGwdLA.s:388    .text.EXTI15_10_IRQHandler:0000000000000000 EXTI15_10_IRQHandler

UNDEFINED SYMBOLS
HAL_IncTick
HAL_GPIO_EXTI_IRQHandler
HAL_TIM_IRQHandler
htim2
htim3
htim4
HAL_UART_IRQHandler
huart3
